<?xml version="1.0" encoding="UTF-8"?>
<coverage generated="1716056975525" clover="3.2.0">
  <project timestamp="1716056975525" name="All files">
    <metrics statements="5" coveredstatements="4" conditionals="2" coveredconditionals="1" methods="1" coveredmethods="1" elements="8" coveredelements="6" complexity="0" loc="5" ncloc="5" packages="1" files="1" classes="1"/>
    <file name="hello_world.ts" path="C:\Users\rodri\Desktop\FACULDADE\UFAM\IE 8 - Ciencia da Computação\labWacad17\webAcademyT3-lab3-1\lab03_01\src\hello_world.ts">
      <metrics statements="5" coveredstatements="4" conditionals="2" coveredconditionals="1" methods="1" coveredmethods="1"/>
      <line num="1" count="1" type="stmt"/>
      <line num="2" count="1" type="cond" truecount="1" falsecount="0"/>
      <line num="3" count="1" type="cond" truecount="0" falsecount="1"/>
      <line num="4" count="0" type="stmt"/>
      <line num="6" count="1" type="stmt"/>
    </file>
  </project>
</coverage>
