{"C:\\Users\\rodri\\Desktop\\FACULDADE\\UFAM\\IE 8 - Ciencia da Computação\\labWacad17\\webAcademyT3-lab3-1\\lab03_01\\src\\hello_world.ts": {"path":"C:\\Users\\rodri\\Desktop\\FACULDADE\\UFAM\\IE 8 - Ciencia da Computação\\labWacad17\\webAcademyT3-lab3-1\\lab03_01\\src\\hello_world.ts","statementMap":{"0":{"start":{"line":1,"column":18},"end":{"line":1,"column":25}},"1":{"start":{"line":3,"column":4},"end":{"line":5,"column":5}},"2":{"start":{"line":4,"column":8},"end":{"line":4,"column":32}},"3":{"start":{"line":6,"column":4},"end":{"line":6,"column":29}},"4":{"start":{"line":2,"column":0},"end":{"line":2,"column":16}}},"fnMap":{"0":{"name":"hello","decl":{"start":{"line":2,"column":16},"end":{"line":2,"column":21}},"loc":{"start":{"line":2,"column":46},"end":{"line":7,"column":1}}}},"branchMap":{"0":{"loc":{"start":{"line":2,"column":22},"end":{"line":2,"column":46}},"type":"default-arg","locations":[{"start":{"line":2,"column":37},"end":{"line":2,"column":46}}]},"1":{"loc":{"start":{"line":3,"column":4},"end":{"line":5,"column":5}},"type":"if","locations":[{"start":{"line":3,"column":4},"end":{"line":5,"column":5}}]}},"s":{"0":1,"1":1,"2":0,"3":1,"4":1},"f":{"0":1},"b":{"0":[1],"1":[0]}}
}
